2022-06-07 20:10:13.198  INFO 25580 --- [restartedMain] com.example.demo.DemoApplication         : Starting DemoApplication using Java 17.0.2 on LAPTOP-BKU65NQM with PID 25580 (D:\demo\target\classes started by ARGHADEEP in D:\demo)
2022-06-07 20:10:13.198  INFO 25580 --- [restartedMain] com.example.demo.DemoApplication         : No active profile set, falling back to 1 default profile: "default"
2022-06-07 20:10:13.521  INFO 25580 --- [restartedMain] .s.d.r.c.RepositoryConfigurationDelegate : Bootstrapping Spring Data JPA repositories in DEFAULT mode.
2022-06-07 20:10:13.545  INFO 25580 --- [restartedMain] .s.d.r.c.RepositoryConfigurationDelegate : Finished Spring Data repository scanning in 21 ms. Found 2 JPA repository interfaces.
2022-06-07 20:10:13.785  INFO 25580 --- [restartedMain] o.s.b.w.embedded.tomcat.TomcatWebServer  : Tomcat initialized with port(s): 8080 (http)
2022-06-07 20:10:13.785  INFO 25580 --- [restartedMain] o.apache.catalina.core.StandardService   : Starting service [Tomcat]
2022-06-07 20:10:13.785  INFO 25580 --- [restartedMain] org.apache.catalina.core.StandardEngine  : Starting Servlet engine: [Apache Tomcat/9.0.62]
2022-06-07 20:10:13.822  INFO 25580 --- [restartedMain] o.a.c.c.C.[Tomcat].[localhost].[/]       : Initializing Spring embedded WebApplicationContext
2022-06-07 20:10:13.822  INFO 25580 --- [restartedMain] w.s.c.ServletWebServerApplicationContext : Root WebApplicationContext: initialization completed in 616 ms
2022-06-07 20:10:13.930  INFO 25580 --- [restartedMain] o.hibernate.jpa.internal.util.LogHelper  : HHH000204: Processing PersistenceUnitInfo [name: default]
2022-06-07 20:10:13.938  INFO 25580 --- [restartedMain] com.zaxxer.hikari.HikariDataSource       : HikariPool-2 - Starting...
2022-06-07 20:10:13.965  INFO 25580 --- [restartedMain] com.zaxxer.hikari.HikariDataSource       : HikariPool-2 - Start completed.
2022-06-07 20:10:13.965  INFO 25580 --- [restartedMain] org.hibernate.dialect.Dialect            : HHH000400: Using dialect: org.hibernate.dialect.MySQL8Dialect
2022-06-07 20:10:14.003  INFO 25580 --- [restartedMain] org.hibernate.tuple.PojoInstantiator     : HHH000182: No default (no-argument) constructor for class: com.example.demo.entity.UserRegistration (class must be instantiated by Interceptor)
2022-06-07 20:10:14.085  INFO 25580 --- [restartedMain] o.h.e.t.j.p.i.JtaPlatformInitiator       : HHH000490: Using JtaPlatform implementation: [org.hibernate.engine.transaction.jta.platform.internal.NoJtaPlatform]
2022-06-07 20:10:14.085  INFO 25580 --- [restartedMain] j.LocalContainerEntityManagerFactoryBean : Initialized JPA EntityManagerFactory for persistence unit 'default'
2022-06-07 20:10:14.388  INFO 25580 --- [restartedMain] f.a.AutowiredAnnotationBeanPostProcessor : Autowired annotation should only be used on methods with parameters: public org.springframework.security.crypto.password.PasswordEncoder com.example.demo.security.WebSecurityConfig.passwordEncoder()
2022-06-07 20:10:14.424  WARN 25580 --- [restartedMain] JpaBaseConfiguration$JpaWebConfiguration : spring.jpa.open-in-view is enabled by default. Therefore, database queries may be performed during view rendering. Explicitly configure spring.jpa.open-in-view to disable this warning
2022-06-07 20:10:14.541  INFO 25580 --- [restartedMain] o.s.s.web.DefaultSecurityFilterChain     : Will secure any request with [org.springframework.security.web.context.request.async.WebAsyncManagerIntegrationFilter@447bdb18, org.springframework.security.web.context.SecurityContextPersistenceFilter@987d040, org.springframework.security.web.header.HeaderWriterFilter@59940322, org.springframework.security.web.authentication.logout.LogoutFilter@599c1a3, com.example.demo.security.JwtAuthenticationFilter@b08d9a7, org.springframework.security.web.savedrequest.RequestCacheAwareFilter@2e11c710, org.springframework.security.web.servletapi.SecurityContextHolderAwareRequestFilter@57655ce3, org.springframework.security.web.authentication.AnonymousAuthenticationFilter@24f9750d, org.springframework.security.web.session.SessionManagementFilter@5d031035, org.springframework.security.web.access.ExceptionTranslationFilter@5b4f9fc7, org.springframework.security.web.access.intercept.FilterSecurityInterceptor@c9236bf]
2022-06-07 20:10:14.909  INFO 25580 --- [restartedMain] o.s.b.d.a.OptionalLiveReloadServer       : LiveReload server is running on port 35729
2022-06-07 20:10:14.940  INFO 25580 --- [restartedMain] o.s.b.w.embedded.tomcat.TomcatWebServer  : Tomcat started on port(s): 8080 (http) with context path ''
2022-06-07 20:10:14.948  INFO 25580 --- [restartedMain] com.example.demo.DemoApplication         : Started DemoApplication in 1.829 seconds (JVM running for 467.109)
2022-06-07 20:10:14.952  INFO 25580 --- [restartedMain] .ConditionEvaluationDeltaLoggingListener : Condition evaluation unchanged
2022-06-07 20:10:21.446  INFO 25580 --- [Thread-7] j.LocalContainerEntityManagerFactoryBean : Closing JPA EntityManagerFactory for persistence unit 'default'
2022-06-07 20:10:21.447  INFO 25580 --- [Thread-7] com.zaxxer.hikari.HikariDataSource       : HikariPool-2 - Shutdown initiated...
2022-06-07 20:10:21.452  INFO 25580 --- [Thread-7] com.zaxxer.hikari.HikariDataSource       : HikariPool-2 - Shutdown completed.
2022-06-07 20:10:21.511  INFO 25580 --- [restartedMain] com.example.demo.DemoApplication         : Starting DemoApplication using Java 17.0.2 on LAPTOP-BKU65NQM with PID 25580 (D:\demo\target\classes started by ARGHADEEP in D:\demo)
2022-06-07 20:10:21.512  INFO 25580 --- [restartedMain] com.example.demo.DemoApplication         : No active profile set, falling back to 1 default profile: "default"
2022-06-07 20:10:21.627  INFO 25580 --- [restartedMain] .s.d.r.c.RepositoryConfigurationDelegate : Bootstrapping Spring Data JPA repositories in DEFAULT mode.
2022-06-07 20:10:21.635  INFO 25580 --- [restartedMain] .s.d.r.c.RepositoryConfigurationDelegate : Finished Spring Data repository scanning in 7 ms. Found 2 JPA repository interfaces.
2022-06-07 20:10:21.715  INFO 25580 --- [restartedMain] o.s.b.w.embedded.tomcat.TomcatWebServer  : Tomcat initialized with port(s): 8080 (http)
2022-06-07 20:10:21.715  INFO 25580 --- [restartedMain] o.apache.catalina.core.StandardService   : Starting service [Tomcat]
2022-06-07 20:10:21.716  INFO 25580 --- [restartedMain] org.apache.catalina.core.StandardEngine  : Starting Servlet engine: [Apache Tomcat/9.0.62]
2022-06-07 20:10:21.731  INFO 25580 --- [restartedMain] o.a.c.c.C.[Tomcat].[localhost].[/]       : Initializing Spring embedded WebApplicationContext
2022-06-07 20:10:21.732  INFO 25580 --- [restartedMain] w.s.c.ServletWebServerApplicationContext : Root WebApplicationContext: initialization completed in 219 ms
2022-06-07 20:10:21.758  INFO 25580 --- [restartedMain] o.hibernate.jpa.internal.util.LogHelper  : HHH000204: Processing PersistenceUnitInfo [name: default]
2022-06-07 20:10:21.760  INFO 25580 --- [restartedMain] com.zaxxer.hikari.HikariDataSource       : HikariPool-3 - Starting...
2022-06-07 20:10:21.775  INFO 25580 --- [restartedMain] com.zaxxer.hikari.HikariDataSource       : HikariPool-3 - Start completed.
2022-06-07 20:10:21.775  INFO 25580 --- [restartedMain] org.hibernate.dialect.Dialect            : HHH000400: Using dialect: org.hibernate.dialect.MySQL8Dialect
2022-06-07 20:10:21.792  INFO 25580 --- [restartedMain] org.hibernate.tuple.PojoInstantiator     : HHH000182: No default (no-argument) constructor for class: com.example.demo.entity.UserRegistration (class must be instantiated by Interceptor)
2022-06-07 20:10:21.828  INFO 25580 --- [restartedMain] o.h.e.t.j.p.i.JtaPlatformInitiator       : HHH000490: Using JtaPlatform implementation: [org.hibernate.engine.transaction.jta.platform.internal.NoJtaPlatform]
2022-06-07 20:10:21.829  INFO 25580 --- [restartedMain] j.LocalContainerEntityManagerFactoryBean : Initialized JPA EntityManagerFactory for persistence unit 'default'
2022-06-07 20:10:21.912  INFO 25580 --- [restartedMain] f.a.AutowiredAnnotationBeanPostProcessor : Autowired annotation should only be used on methods with parameters: public org.springframework.security.crypto.password.PasswordEncoder com.example.demo.security.WebSecurityConfig.passwordEncoder()
2022-06-07 20:10:21.926  WARN 25580 --- [restartedMain] JpaBaseConfiguration$JpaWebConfiguration : spring.jpa.open-in-view is enabled by default. Therefore, database queries may be performed during view rendering. Explicitly configure spring.jpa.open-in-view to disable this warning
2022-06-07 20:10:21.959  INFO 25580 --- [restartedMain] o.s.s.web.DefaultSecurityFilterChain     : Will secure any request with [org.springframework.security.web.context.request.async.WebAsyncManagerIntegrationFilter@35b598dd, org.springframework.security.web.context.SecurityContextPersistenceFilter@2bf4ac4e, org.springframework.security.web.header.HeaderWriterFilter@6d7e4989, org.springframework.security.web.authentication.logout.LogoutFilter@7a94b3d7, com.example.demo.security.JwtAuthenticationFilter@417787f8, org.springframework.security.web.savedrequest.RequestCacheAwareFilter@69592351, org.springframework.security.web.servletapi.SecurityContextHolderAwareRequestFilter@76740df2, org.springframework.security.web.authentication.AnonymousAuthenticationFilter@5ee3269e, org.springframework.security.web.session.SessionManagementFilter@4b092e76, org.springframework.security.web.access.ExceptionTranslationFilter@5c43c584, org.springframework.security.web.access.intercept.FilterSecurityInterceptor@25e4c931]
2022-06-07 20:10:22.076  INFO 25580 --- [restartedMain] o.s.b.d.a.OptionalLiveReloadServer       : LiveReload server is running on port 35729
2022-06-07 20:10:22.086  INFO 25580 --- [restartedMain] o.s.b.w.embedded.tomcat.TomcatWebServer  : Tomcat started on port(s): 8080 (http) with context path ''
2022-06-07 20:10:22.090  INFO 25580 --- [restartedMain] com.example.demo.DemoApplication         : Started DemoApplication in 0.598 seconds (JVM running for 474.25)
2022-06-07 20:10:22.091  INFO 25580 --- [restartedMain] .ConditionEvaluationDeltaLoggingListener : Condition evaluation unchanged
2022-06-07 20:10:34.735  INFO 25580 --- [http-nio-8080-exec-2] o.a.c.c.C.[Tomcat].[localhost].[/]       : Initializing Spring DispatcherServlet 'dispatcherServlet'
2022-06-07 20:10:34.735  INFO 25580 --- [http-nio-8080-exec-2] o.s.web.servlet.DispatcherServlet        : Initializing Servlet 'dispatcherServlet'
2022-06-07 20:10:34.736  INFO 25580 --- [http-nio-8080-exec-2] o.s.web.servlet.DispatcherServlet        : Completed initialization in 1 ms
2022-06-07 20:10:52.082  INFO 25580 --- [Thread-11] j.LocalContainerEntityManagerFactoryBean : Closing JPA EntityManagerFactory for persistence unit 'default'
2022-06-07 20:10:52.082  INFO 25580 --- [Thread-11] com.zaxxer.hikari.HikariDataSource       : HikariPool-3 - Shutdown initiated...
2022-06-07 20:10:52.099  INFO 25580 --- [Thread-11] com.zaxxer.hikari.HikariDataSource       : HikariPool-3 - Shutdown completed.
2022-06-07 20:10:52.162  INFO 25580 --- [restartedMain] com.example.demo.DemoApplication         : Starting DemoApplication using Java 17.0.2 on LAPTOP-BKU65NQM with PID 25580 (D:\demo\target\classes started by ARGHADEEP in D:\demo)
2022-06-07 20:10:52.163  INFO 25580 --- [restartedMain] com.example.demo.DemoApplication         : No active profile set, falling back to 1 default profile: "default"
2022-06-07 20:10:52.276  INFO 25580 --- [restartedMain] .s.d.r.c.RepositoryConfigurationDelegate : Bootstrapping Spring Data JPA repositories in DEFAULT mode.
2022-06-07 20:10:52.285  INFO 25580 --- [restartedMain] .s.d.r.c.RepositoryConfigurationDelegate : Finished Spring Data repository scanning in 8 ms. Found 2 JPA repository interfaces.
2022-06-07 20:10:52.370  INFO 25580 --- [restartedMain] o.s.b.w.embedded.tomcat.TomcatWebServer  : Tomcat initialized with port(s): 8080 (http)
2022-06-07 20:10:52.371  INFO 25580 --- [restartedMain] o.apache.catalina.core.StandardService   : Starting service [Tomcat]
2022-06-07 20:10:52.371  INFO 25580 --- [restartedMain] org.apache.catalina.core.StandardEngine  : Starting Servlet engine: [Apache Tomcat/9.0.62]
2022-06-07 20:10:52.389  INFO 25580 --- [restartedMain] o.a.c.c.C.[Tomcat].[localhost].[/]       : Initializing Spring embedded WebApplicationContext
2022-06-07 20:10:52.390  INFO 25580 --- [restartedMain] w.s.c.ServletWebServerApplicationContext : Root WebApplicationContext: initialization completed in 225 ms
2022-06-07 20:10:52.425  INFO 25580 --- [restartedMain] o.hibernate.jpa.internal.util.LogHelper  : HHH000204: Processing PersistenceUnitInfo [name: default]
2022-06-07 20:10:52.429  INFO 25580 --- [restartedMain] com.zaxxer.hikari.HikariDataSource       : HikariPool-4 - Starting...
2022-06-07 20:10:52.453  INFO 25580 --- [restartedMain] com.zaxxer.hikari.HikariDataSource       : HikariPool-4 - Start completed.
2022-06-07 20:10:52.453  INFO 25580 --- [restartedMain] org.hibernate.dialect.Dialect            : HHH000400: Using dialect: org.hibernate.dialect.MySQL8Dialect
2022-06-07 20:10:52.473  INFO 25580 --- [restartedMain] org.hibernate.tuple.PojoInstantiator     : HHH000182: No default (no-argument) constructor for class: com.example.demo.entity.UserRegistration (class must be instantiated by Interceptor)
2022-06-07 20:10:52.502  INFO 25580 --- [restartedMain] o.h.e.t.j.p.i.JtaPlatformInitiator       : HHH000490: Using JtaPlatform implementation: [org.hibernate.engine.transaction.jta.platform.internal.NoJtaPlatform]
2022-06-07 20:10:52.502  INFO 25580 --- [restartedMain] j.LocalContainerEntityManagerFactoryBean : Initialized JPA EntityManagerFactory for persistence unit 'default'
2022-06-07 20:10:52.586  INFO 25580 --- [restartedMain] f.a.AutowiredAnnotationBeanPostProcessor : Autowired annotation should only be used on methods with parameters: public org.springframework.security.crypto.password.PasswordEncoder com.example.demo.security.WebSecurityConfig.passwordEncoder()
2022-06-07 20:10:52.600  WARN 25580 --- [restartedMain] JpaBaseConfiguration$JpaWebConfiguration : spring.jpa.open-in-view is enabled by default. Therefore, database queries may be performed during view rendering. Explicitly configure spring.jpa.open-in-view to disable this warning
2022-06-07 20:10:52.644  INFO 25580 --- [restartedMain] o.s.s.web.DefaultSecurityFilterChain     : Will secure any request with [org.springframework.security.web.context.request.async.WebAsyncManagerIntegrationFilter@268084d8, org.springframework.security.web.context.SecurityContextPersistenceFilter@7ebeb4f9, org.springframework.security.web.header.HeaderWriterFilter@124bab0b, org.springframework.security.web.authentication.logout.LogoutFilter@5c93f47d, com.example.demo.security.JwtAuthenticationFilter@54558992, org.springframework.security.web.savedrequest.RequestCacheAwareFilter@2b2de25e, org.springframework.security.web.servletapi.SecurityContextHolderAwareRequestFilter@647117c3, org.springframework.security.web.authentication.AnonymousAuthenticationFilter@3445f5ef, org.springframework.security.web.session.SessionManagementFilter@68db6306, org.springframework.security.web.access.ExceptionTranslationFilter@3e7d676f, org.springframework.security.web.access.intercept.FilterSecurityInterceptor@66cbb84d]
2022-06-07 20:10:52.765  INFO 25580 --- [restartedMain] o.s.b.d.a.OptionalLiveReloadServer       : LiveReload server is running on port 35729
2022-06-07 20:10:52.775  INFO 25580 --- [restartedMain] o.s.b.w.embedded.tomcat.TomcatWebServer  : Tomcat started on port(s): 8080 (http) with context path ''
2022-06-07 20:10:52.780  INFO 25580 --- [restartedMain] com.example.demo.DemoApplication         : Started DemoApplication in 0.639 seconds (JVM running for 504.94)
2022-06-07 20:10:52.781  INFO 25580 --- [restartedMain] .ConditionEvaluationDeltaLoggingListener : Condition evaluation unchanged
2022-06-07 20:10:56.213  INFO 25580 --- [Thread-15] j.LocalContainerEntityManagerFactoryBean : Closing JPA EntityManagerFactory for persistence unit 'default'
2022-06-07 20:10:56.213  INFO 25580 --- [Thread-15] com.zaxxer.hikari.HikariDataSource       : HikariPool-4 - Shutdown initiated...
2022-06-07 20:10:56.228  INFO 25580 --- [Thread-15] com.zaxxer.hikari.HikariDataSource       : HikariPool-4 - Shutdown completed.
2022-06-07 20:10:56.286  INFO 25580 --- [restartedMain] com.example.demo.DemoApplication         : Starting DemoApplication using Java 17.0.2 on LAPTOP-BKU65NQM with PID 25580 (D:\demo\target\classes started by ARGHADEEP in D:\demo)
2022-06-07 20:10:56.287  INFO 25580 --- [restartedMain] com.example.demo.DemoApplication         : No active profile set, falling back to 1 default profile: "default"
2022-06-07 20:10:56.396  INFO 25580 --- [restartedMain] .s.d.r.c.RepositoryConfigurationDelegate : Bootstrapping Spring Data JPA repositories in DEFAULT mode.
2022-06-07 20:10:56.405  INFO 25580 --- [restartedMain] .s.d.r.c.RepositoryConfigurationDelegate : Finished Spring Data repository scanning in 8 ms. Found 2 JPA repository interfaces.
2022-06-07 20:10:56.484  INFO 25580 --- [restartedMain] o.s.b.w.embedded.tomcat.TomcatWebServer  : Tomcat initialized with port(s): 8080 (http)
2022-06-07 20:10:56.485  INFO 25580 --- [restartedMain] o.apache.catalina.core.StandardService   : Starting service [Tomcat]
2022-06-07 20:10:56.485  INFO 25580 --- [restartedMain] org.apache.catalina.core.StandardEngine  : Starting Servlet engine: [Apache Tomcat/9.0.62]
2022-06-07 20:10:56.498  INFO 25580 --- [restartedMain] o.a.c.c.C.[Tomcat].[localhost].[/]       : Initializing Spring embedded WebApplicationContext
2022-06-07 20:10:56.501  INFO 25580 --- [restartedMain] w.s.c.ServletWebServerApplicationContext : Root WebApplicationContext: initialization completed in 213 ms
2022-06-07 20:10:56.536  INFO 25580 --- [restartedMain] o.hibernate.jpa.internal.util.LogHelper  : HHH000204: Processing PersistenceUnitInfo [name: default]
2022-06-07 20:10:56.540  INFO 25580 --- [restartedMain] com.zaxxer.hikari.HikariDataSource       : HikariPool-5 - Starting...
2022-06-07 20:10:56.554  INFO 25580 --- [restartedMain] com.zaxxer.hikari.HikariDataSource       : HikariPool-5 - Start completed.
2022-06-07 20:10:56.555  INFO 25580 --- [restartedMain] org.hibernate.dialect.Dialect            : HHH000400: Using dialect: org.hibernate.dialect.MySQL8Dialect
2022-06-07 20:10:56.567  INFO 25580 --- [restartedMain] org.hibernate.tuple.PojoInstantiator     : HHH000182: No default (no-argument) constructor for class: com.example.demo.entity.UserRegistration (class must be instantiated by Interceptor)
2022-06-07 20:10:56.603  INFO 25580 --- [restartedMain] o.h.e.t.j.p.i.JtaPlatformInitiator       : HHH000490: Using JtaPlatform implementation: [org.hibernate.engine.transaction.jta.platform.internal.NoJtaPlatform]
2022-06-07 20:10:56.603  INFO 25580 --- [restartedMain] j.LocalContainerEntityManagerFactoryBean : Initialized JPA EntityManagerFactory for persistence unit 'default'
2022-06-07 20:10:56.705  INFO 25580 --- [restartedMain] f.a.AutowiredAnnotationBeanPostProcessor : Autowired annotation should only be used on methods with parameters: public org.springframework.security.crypto.password.PasswordEncoder com.example.demo.security.WebSecurityConfig.passwordEncoder()
2022-06-07 20:10:56.718  WARN 25580 --- [restartedMain] JpaBaseConfiguration$JpaWebConfiguration : spring.jpa.open-in-view is enabled by default. Therefore, database queries may be performed during view rendering. Explicitly configure spring.jpa.open-in-view to disable this warning
2022-06-07 20:10:56.764  INFO 25580 --- [restartedMain] o.s.s.web.DefaultSecurityFilterChain     : Will secure any request with [org.springframework.security.web.context.request.async.WebAsyncManagerIntegrationFilter@2854be4d, org.springframework.security.web.context.SecurityContextPersistenceFilter@451f09fd, org.springframework.security.web.header.HeaderWriterFilter@3086c492, org.springframework.security.web.authentication.logout.LogoutFilter@449f454d, com.example.demo.security.JwtAuthenticationFilter@438c4108, org.springframework.security.web.savedrequest.RequestCacheAwareFilter@63cab614, org.springframework.security.web.servletapi.SecurityContextHolderAwareRequestFilter@65ee5cab, org.springframework.security.web.authentication.AnonymousAuthenticationFilter@59d16fa, org.springframework.security.web.session.SessionManagementFilter@6dde3bd2, org.springframework.security.web.access.ExceptionTranslationFilter@3bd3a41e, org.springframework.security.web.access.intercept.FilterSecurityInterceptor@3b184d2c]
2022-06-07 20:10:56.884  INFO 25580 --- [restartedMain] o.s.b.d.a.OptionalLiveReloadServer       : LiveReload server is running on port 35729
2022-06-07 20:10:56.896  INFO 25580 --- [restartedMain] o.s.b.w.embedded.tomcat.TomcatWebServer  : Tomcat started on port(s): 8080 (http) with context path ''
2022-06-07 20:10:56.902  INFO 25580 --- [restartedMain] com.example.demo.DemoApplication         : Started DemoApplication in 0.636 seconds (JVM running for 509.063)
2022-06-07 20:10:56.904  INFO 25580 --- [restartedMain] .ConditionEvaluationDeltaLoggingListener : Condition evaluation unchanged
2022-06-07 20:11:06.114  INFO 25580 --- [http-nio-8080-exec-2] o.a.c.c.C.[Tomcat].[localhost].[/]       : Initializing Spring DispatcherServlet 'dispatcherServlet'
2022-06-07 20:11:06.114  INFO 25580 --- [http-nio-8080-exec-2] o.s.web.servlet.DispatcherServlet        : Initializing Servlet 'dispatcherServlet'
2022-06-07 20:11:06.115  INFO 25580 --- [http-nio-8080-exec-2] o.s.web.servlet.DispatcherServlet        : Completed initialization in 1 ms
2022-06-07 20:34:42.262  INFO 25580 --- [Thread-19] j.LocalContainerEntityManagerFactoryBean : Closing JPA EntityManagerFactory for persistence unit 'default'
2022-06-07 20:34:42.263  INFO 25580 --- [Thread-19] com.zaxxer.hikari.HikariDataSource       : HikariPool-5 - Shutdown initiated...
2022-06-07 20:34:42.269  INFO 25580 --- [Thread-19] com.zaxxer.hikari.HikariDataSource       : HikariPool-5 - Shutdown completed.
2022-06-07 20:34:42.329  INFO 25580 --- [restartedMain] com.example.demo.DemoApplication         : Starting DemoApplication using Java 17.0.2 on LAPTOP-BKU65NQM with PID 25580 (D:\demo\target\classes started by ARGHADEEP in D:\demo)
2022-06-07 20:34:42.329  INFO 25580 --- [restartedMain] com.example.demo.DemoApplication         : No active profile set, falling back to 1 default profile: "default"
2022-06-07 20:34:42.463  INFO 25580 --- [restartedMain] .s.d.r.c.RepositoryConfigurationDelegate : Bootstrapping Spring Data JPA repositories in DEFAULT mode.
2022-06-07 20:34:42.471  INFO 25580 --- [restartedMain] .s.d.r.c.RepositoryConfigurationDelegate : Finished Spring Data repository scanning in 7 ms. Found 2 JPA repository interfaces.
2022-06-07 20:34:42.563  INFO 25580 --- [restartedMain] o.s.b.w.embedded.tomcat.TomcatWebServer  : Tomcat initialized with port(s): 8080 (http)
2022-06-07 20:34:42.564  INFO 25580 --- [restartedMain] o.apache.catalina.core.StandardService   : Starting service [Tomcat]
2022-06-07 20:34:42.564  INFO 25580 --- [restartedMain] org.apache.catalina.core.StandardEngine  : Starting Servlet engine: [Apache Tomcat/9.0.62]
2022-06-07 20:34:42.578  INFO 25580 --- [restartedMain] o.a.c.c.C.[Tomcat].[localhost].[/]       : Initializing Spring embedded WebApplicationContext
2022-06-07 20:34:42.578  INFO 25580 --- [restartedMain] w.s.c.ServletWebServerApplicationContext : Root WebApplicationContext: initialization completed in 247 ms
2022-06-07 20:34:42.618  INFO 25580 --- [restartedMain] o.hibernate.jpa.internal.util.LogHelper  : HHH000204: Processing PersistenceUnitInfo [name: default]
2022-06-07 20:34:42.621  INFO 25580 --- [restartedMain] com.zaxxer.hikari.HikariDataSource       : HikariPool-6 - Starting...
2022-06-07 20:34:42.639  INFO 25580 --- [restartedMain] com.zaxxer.hikari.HikariDataSource       : HikariPool-6 - Start completed.
2022-06-07 20:34:42.639  INFO 25580 --- [restartedMain] org.hibernate.dialect.Dialect            : HHH000400: Using dialect: org.hibernate.dialect.MySQL8Dialect
2022-06-07 20:34:42.650  INFO 25580 --- [restartedMain] org.hibernate.tuple.PojoInstantiator     : HHH000182: No default (no-argument) constructor for class: com.example.demo.entity.UserRegistration (class must be instantiated by Interceptor)
2022-06-07 20:34:42.672  INFO 25580 --- [restartedMain] o.h.e.t.j.p.i.JtaPlatformInitiator       : HHH000490: Using JtaPlatform implementation: [org.hibernate.engine.transaction.jta.platform.internal.NoJtaPlatform]
2022-06-07 20:34:42.672  INFO 25580 --- [restartedMain] j.LocalContainerEntityManagerFactoryBean : Initialized JPA EntityManagerFactory for persistence unit 'default'
2022-06-07 20:34:42.765  INFO 25580 --- [restartedMain] f.a.AutowiredAnnotationBeanPostProcessor : Autowired annotation should only be used on methods with parameters: public org.springframework.security.crypto.password.PasswordEncoder com.example.demo.security.WebSecurityConfig.passwordEncoder()
2022-06-07 20:34:42.781  WARN 25580 --- [restartedMain] JpaBaseConfiguration$JpaWebConfiguration : spring.jpa.open-in-view is enabled by default. Therefore, database queries may be performed during view rendering. Explicitly configure spring.jpa.open-in-view to disable this warning
2022-06-07 20:34:42.836  INFO 25580 --- [restartedMain] o.s.s.web.DefaultSecurityFilterChain     : Will secure any request with [org.springframework.security.web.context.request.async.WebAsyncManagerIntegrationFilter@20d68714, org.springframework.security.web.context.SecurityContextPersistenceFilter@3981c61a, org.springframework.security.web.header.HeaderWriterFilter@5cfbb1a, org.springframework.security.web.authentication.logout.LogoutFilter@b53694c, com.example.demo.security.JwtAuthenticationFilter@7e8ba7d1, org.springframework.security.web.savedrequest.RequestCacheAwareFilter@692f3dc8, org.springframework.security.web.servletapi.SecurityContextHolderAwareRequestFilter@11c04c9c, org.springframework.security.web.authentication.AnonymousAuthenticationFilter@2a6a13e, org.springframework.security.web.session.SessionManagementFilter@2f625372, org.springframework.security.web.access.ExceptionTranslationFilter@38ed1270, org.springframework.security.web.access.intercept.FilterSecurityInterceptor@7f19e950]
2022-06-07 20:34:42.976  INFO 25580 --- [restartedMain] o.s.b.d.a.OptionalLiveReloadServer       : LiveReload server is running on port 35729
2022-06-07 20:34:42.987  INFO 25580 --- [restartedMain] o.s.b.w.embedded.tomcat.TomcatWebServer  : Tomcat started on port(s): 8080 (http) with context path ''
2022-06-07 20:34:42.991  INFO 25580 --- [restartedMain] com.example.demo.DemoApplication         : Started DemoApplication in 0.681 seconds (JVM running for 1935.152)
2022-06-07 20:34:42.993  INFO 25580 --- [restartedMain] .ConditionEvaluationDeltaLoggingListener : Condition evaluation unchanged
2022-06-07 20:35:17.061  INFO 25580 --- [Thread-23] j.LocalContainerEntityManagerFactoryBean : Closing JPA EntityManagerFactory for persistence unit 'default'
2022-06-07 20:35:17.062  INFO 25580 --- [Thread-23] com.zaxxer.hikari.HikariDataSource       : HikariPool-6 - Shutdown initiated...
2022-06-07 20:35:17.078  INFO 25580 --- [Thread-23] com.zaxxer.hikari.HikariDataSource       : HikariPool-6 - Shutdown completed.
2022-06-07 20:35:17.148  INFO 25580 --- [restartedMain] com.example.demo.DemoApplication         : Starting DemoApplication using Java 17.0.2 on LAPTOP-BKU65NQM with PID 25580 (D:\demo\target\classes started by ARGHADEEP in D:\demo)
2022-06-07 20:35:17.148  INFO 25580 --- [restartedMain] com.example.demo.DemoApplication         : No active profile set, falling back to 1 default profile: "default"
2022-06-07 20:35:17.261  INFO 25580 --- [restartedMain] .s.d.r.c.RepositoryConfigurationDelegate : Bootstrapping Spring Data JPA repositories in DEFAULT mode.
2022-06-07 20:35:17.269  INFO 25580 --- [restartedMain] .s.d.r.c.RepositoryConfigurationDelegate : Finished Spring Data repository scanning in 7 ms. Found 2 JPA repository interfaces.
2022-06-07 20:35:17.331  INFO 25580 --- [restartedMain] o.s.b.w.embedded.tomcat.TomcatWebServer  : Tomcat initialized with port(s): 8080 (http)
2022-06-07 20:35:17.332  INFO 25580 --- [restartedMain] o.apache.catalina.core.StandardService   : Starting service [Tomcat]
2022-06-07 20:35:17.332  INFO 25580 --- [restartedMain] org.apache.catalina.core.StandardEngine  : Starting Servlet engine: [Apache Tomcat/9.0.62]
2022-06-07 20:35:17.348  INFO 25580 --- [restartedMain] o.a.c.c.C.[Tomcat].[localhost].[/]       : Initializing Spring embedded WebApplicationContext
2022-06-07 20:35:17.349  INFO 25580 --- [restartedMain] w.s.c.ServletWebServerApplicationContext : Root WebApplicationContext: initialization completed in 200 ms
2022-06-07 20:35:17.386  INFO 25580 --- [restartedMain] o.hibernate.jpa.internal.util.LogHelper  : HHH000204: Processing PersistenceUnitInfo [name: default]
2022-06-07 20:35:17.392  INFO 25580 --- [restartedMain] com.zaxxer.hikari.HikariDataSource       : HikariPool-7 - Starting...
2022-06-07 20:35:17.416  INFO 25580 --- [restartedMain] com.zaxxer.hikari.HikariDataSource       : HikariPool-7 - Start completed.
2022-06-07 20:35:17.416  INFO 25580 --- [restartedMain] org.hibernate.dialect.Dialect            : HHH000400: Using dialect: org.hibernate.dialect.MySQL8Dialect
2022-06-07 20:35:17.429  INFO 25580 --- [restartedMain] org.hibernate.tuple.PojoInstantiator     : HHH000182: No default (no-argument) constructor for class: com.example.demo.entity.UserRegistration (class must be instantiated by Interceptor)
2022-06-07 20:35:17.452  INFO 25580 --- [restartedMain] o.h.e.t.j.p.i.JtaPlatformInitiator       : HHH000490: Using JtaPlatform implementation: [org.hibernate.engine.transaction.jta.platform.internal.NoJtaPlatform]
2022-06-07 20:35:17.452  INFO 25580 --- [restartedMain] j.LocalContainerEntityManagerFactoryBean : Initialized JPA EntityManagerFactory for persistence unit 'default'
2022-06-07 20:35:17.541  INFO 25580 --- [restartedMain] f.a.AutowiredAnnotationBeanPostProcessor : Autowired annotation should only be used on methods with parameters: public org.springframework.security.crypto.password.PasswordEncoder com.example.demo.security.WebSecurityConfig.passwordEncoder()
2022-06-07 20:35:17.549  WARN 25580 --- [restartedMain] JpaBaseConfiguration$JpaWebConfiguration : spring.jpa.open-in-view is enabled by default. Therefore, database queries may be performed during view rendering. Explicitly configure spring.jpa.open-in-view to disable this warning
2022-06-07 20:35:17.588  INFO 25580 --- [restartedMain] o.s.s.web.DefaultSecurityFilterChain     : Will secure any request with [org.springframework.security.web.context.request.async.WebAsyncManagerIntegrationFilter@6c979ec5, org.springframework.security.web.context.SecurityContextPersistenceFilter@770ac0b2, org.springframework.security.web.header.HeaderWriterFilter@44e9dd6e, org.springframework.security.web.authentication.logout.LogoutFilter@485d6c88, com.example.demo.security.JwtAuthenticationFilter@2e7245f2, org.springframework.security.web.savedrequest.RequestCacheAwareFilter@44e8579, org.springframework.security.web.servletapi.SecurityContextHolderAwareRequestFilter@ec62a33, org.springframework.security.web.authentication.AnonymousAuthenticationFilter@70416517, org.springframework.security.web.session.SessionManagementFilter@2b699768, org.springframework.security.web.access.ExceptionTranslationFilter@7d51dcc6, org.springframework.security.web.access.intercept.FilterSecurityInterceptor@63123697]
2022-06-07 20:35:17.713  INFO 25580 --- [restartedMain] o.s.b.d.a.OptionalLiveReloadServer       : LiveReload server is running on port 35729
2022-06-07 20:35:17.723  INFO 25580 --- [restartedMain] o.s.b.w.embedded.tomcat.TomcatWebServer  : Tomcat started on port(s): 8080 (http) with context path ''
2022-06-07 20:35:17.728  INFO 25580 --- [restartedMain] com.example.demo.DemoApplication         : Started DemoApplication in 0.597 seconds (JVM running for 1969.888)
2022-06-07 20:35:17.730  INFO 25580 --- [restartedMain] .ConditionEvaluationDeltaLoggingListener : Condition evaluation unchanged
2022-06-07 20:36:25.409  INFO 25580 --- [Thread-27] j.LocalContainerEntityManagerFactoryBean : Closing JPA EntityManagerFactory for persistence unit 'default'
2022-06-07 20:36:25.410  INFO 25580 --- [Thread-27] com.zaxxer.hikari.HikariDataSource       : HikariPool-7 - Shutdown initiated...
2022-06-07 20:36:25.427  INFO 25580 --- [Thread-27] com.zaxxer.hikari.HikariDataSource       : HikariPool-7 - Shutdown completed.
2022-06-07 20:36:25.509  INFO 25580 --- [restartedMain] com.example.demo.DemoApplication         : Starting DemoApplication using Java 17.0.2 on LAPTOP-BKU65NQM with PID 25580 (D:\demo\target\classes started by ARGHADEEP in D:\demo)
2022-06-07 20:36:25.509  INFO 25580 --- [restartedMain] com.example.demo.DemoApplication         : No active profile set, falling back to 1 default profile: "default"
2022-06-07 20:36:25.609  INFO 25580 --- [restartedMain] .s.d.r.c.RepositoryConfigurationDelegate : Bootstrapping Spring Data JPA repositories in DEFAULT mode.
2022-06-07 20:36:25.616  INFO 25580 --- [restartedMain] .s.d.r.c.RepositoryConfigurationDelegate : Finished Spring Data repository scanning in 7 ms. Found 2 JPA repository interfaces.
2022-06-07 20:36:25.679  INFO 25580 --- [restartedMain] o.s.b.w.embedded.tomcat.TomcatWebServer  : Tomcat initialized with port(s): 8080 (http)
2022-06-07 20:36:25.681  INFO 25580 --- [restartedMain] o.apache.catalina.core.StandardService   : Starting service [Tomcat]
2022-06-07 20:36:25.681  INFO 25580 --- [restartedMain] org.apache.catalina.core.StandardEngine  : Starting Servlet engine: [Apache Tomcat/9.0.62]
2022-06-07 20:36:25.707  INFO 25580 --- [restartedMain] o.a.c.c.C.[Tomcat].[localhost].[/]       : Initializing Spring embedded WebApplicationContext
2022-06-07 20:36:25.707  INFO 25580 --- [restartedMain] w.s.c.ServletWebServerApplicationContext : Root WebApplicationContext: initialization completed in 195 ms
2022-06-07 20:36:25.748  INFO 25580 --- [restartedMain] o.hibernate.jpa.internal.util.LogHelper  : HHH000204: Processing PersistenceUnitInfo [name: default]
2022-06-07 20:36:25.753  INFO 25580 --- [restartedMain] com.zaxxer.hikari.HikariDataSource       : HikariPool-8 - Starting...
2022-06-07 20:36:25.766  INFO 25580 --- [restartedMain] com.zaxxer.hikari.HikariDataSource       : HikariPool-8 - Start completed.
2022-06-07 20:36:25.766  INFO 25580 --- [restartedMain] org.hibernate.dialect.Dialect            : HHH000400: Using dialect: org.hibernate.dialect.MySQL8Dialect
2022-06-07 20:36:25.780  INFO 25580 --- [restartedMain] org.hibernate.tuple.PojoInstantiator     : HHH000182: No default (no-argument) constructor for class: com.example.demo.entity.UserRegistration (class must be instantiated by Interceptor)
2022-06-07 20:36:25.808  INFO 25580 --- [restartedMain] o.h.e.t.j.p.i.JtaPlatformInitiator       : HHH000490: Using JtaPlatform implementation: [org.hibernate.engine.transaction.jta.platform.internal.NoJtaPlatform]
2022-06-07 20:36:25.809  INFO 25580 --- [restartedMain] j.LocalContainerEntityManagerFactoryBean : Initialized JPA EntityManagerFactory for persistence unit 'default'
2022-06-07 20:36:25.898  INFO 25580 --- [restartedMain] f.a.AutowiredAnnotationBeanPostProcessor : Autowired annotation should only be used on methods with parameters: public org.springframework.security.crypto.password.PasswordEncoder com.example.demo.security.WebSecurityConfig.passwordEncoder()
2022-06-07 20:36:25.909  WARN 25580 --- [restartedMain] JpaBaseConfiguration$JpaWebConfiguration : spring.jpa.open-in-view is enabled by default. Therefore, database queries may be performed during view rendering. Explicitly configure spring.jpa.open-in-view to disable this warning
2022-06-07 20:36:25.948  INFO 25580 --- [restartedMain] o.s.s.web.DefaultSecurityFilterChain     : Will secure any request with [org.springframework.security.web.context.request.async.WebAsyncManagerIntegrationFilter@467cb7e9, org.springframework.security.web.context.SecurityContextPersistenceFilter@7e38f7f3, org.springframework.security.web.header.HeaderWriterFilter@6c073ae3, org.springframework.security.web.authentication.logout.LogoutFilter@5db3c2a, com.example.demo.security.JwtAuthenticationFilter@cd22bf8, org.springframework.security.web.savedrequest.RequestCacheAwareFilter@30645b4d, org.springframework.security.web.servletapi.SecurityContextHolderAwareRequestFilter@65e1bf80, org.springframework.security.web.authentication.AnonymousAuthenticationFilter@6d026ca, org.springframework.security.web.session.SessionManagementFilter@7a74652b, org.springframework.security.web.access.ExceptionTranslationFilter@d187148, org.springframework.security.web.access.intercept.FilterSecurityInterceptor@6abbfb9]
2022-06-07 20:36:26.071  INFO 25580 --- [restartedMain] o.s.b.d.a.OptionalLiveReloadServer       : LiveReload server is running on port 35729
2022-06-07 20:36:26.080  INFO 25580 --- [restartedMain] o.s.b.w.embedded.tomcat.TomcatWebServer  : Tomcat started on port(s): 8080 (http) with context path ''
2022-06-07 20:36:26.085  INFO 25580 --- [restartedMain] com.example.demo.DemoApplication         : Started DemoApplication in 0.592 seconds (JVM running for 2038.245)
2022-06-07 20:36:26.086  INFO 25580 --- [restartedMain] .ConditionEvaluationDeltaLoggingListener : Condition evaluation unchanged
2022-06-07 20:36:49.987  INFO 25580 --- [Thread-31] j.LocalContainerEntityManagerFactoryBean : Closing JPA EntityManagerFactory for persistence unit 'default'
2022-06-07 20:36:49.988  INFO 25580 --- [Thread-31] com.zaxxer.hikari.HikariDataSource       : HikariPool-8 - Shutdown initiated...
2022-06-07 20:36:49.994  INFO 25580 --- [Thread-31] com.zaxxer.hikari.HikariDataSource       : HikariPool-8 - Shutdown completed.
